samples/Movies/__build/vs/Android/MoviesUI/app/build/outputs/logs/manifest-merger-arm7-debug-report.txt
-- Merging decision tree log ---
manifest
ADDED from src\main\AndroidManifest.xml:2:1-21:12
	xmlns:android
		ADDED from src\main\AndroidManifest.xml:2:11-69
	package
		ADDED from src\main\AndroidManifest.xml:3:11-33
		INJECTED from src\main\AndroidManifest.xml
		INJECTED from src\main\AndroidManifest.xml
	android:versionName
		ADDED from src\main\AndroidManifest.xml:5:11-36
		INJECTED from src\main\AndroidManifest.xml
		INJECTED from src\main\AndroidManifest.xml
	android:versionCode
		ADDED from src\main\AndroidManifest.xml:4:11-34
		INJECTED from src\main\AndroidManifest.xml
		INJECTED from src\main\AndroidManifest.xml
uses-permission#android.permission.INTERNET
ADDED from src\main\AndroidManifest.xml:8:3-65
	android:name
		ADDED from src\main\AndroidManifest.xml:8:20-62
application
ADDED from src\main\AndroidManifest.xml:10:3-20:17
	android:label
		ADDED from src\main\AndroidManifest.xml:12:7-39
	android:allowBackup
		ADDED from src\main\AndroidManifest.xml:11:7-34
activity#com.MoviesUI.MoviesUI
ADDED from src\main\AndroidManifest.xml:13:5-19:16
	android:label
		ADDED from src\main\AndroidManifest.xml:14:15-47
	android:name
		ADDED from src\main\AndroidManifest.xml:13:15-39
intent-filter#android.intent.action.MAIN+android.intent.category.LAUNCHER
ADDED from src\main\AndroidManifest.xml:15:7-18:23
action#android.intent.action.MAIN
ADDED from src\main\AndroidManifest.xml:16:9-61
	android:name
		ADDED from src\main\AndroidManifest.xml:16:17-58
category#android.intent.category.LAUNCHER
ADDED from src\main\AndroidManifest.xml:17:9-69
	android:name
		ADDED from src\main\AndroidManifest.xml:17:19-66
uses-sdk
INJECTED from src\main\AndroidManifest.xml reason: use-sdk injection requested
	android:targetSdkVersion
		INJECTED from src\main\AndroidManifest.xml
		INJECTED from src\main\AndroidManifest.xml
	android:minSdkVersion
		INJECTED from src\main\AndroidManifest.xml
		INJECTED from src\main\AndroidManifest.xml